0 info it worked if it ends with ok
1 verbose cli [ '/Users/Marshall/.nvm/v5.3.0/bin/node',
1 verbose cli   '/Users/Marshall/.nvm/v5.3.0/bin/npm',
1 verbose cli   'start' ]
2 info using npm@3.3.12
3 info using node@v5.3.0
4 verbose run-script [ 'prestart', 'start', 'poststart' ]
5 info lifecycle weekly@1.0.0~prestart: weekly@1.0.0
6 silly lifecycle weekly@1.0.0~prestart: no script for prestart, continuing
7 info lifecycle weekly@1.0.0~start: weekly@1.0.0
8 verbose lifecycle weekly@1.0.0~start: unsafe-perm in lifecycle true
9 verbose lifecycle weekly@1.0.0~start: PATH: /Users/Marshall/.nvm/v5.3.0/lib/node_modules/npm/bin/node-gyp-bin:/Applications/XAMPP/xamppfiles/htdocs/learnPHP/public/weekly/node_modules/.bin:usr/local/sbin:usr/local/bin:/Users/Marshall/.nvm/v5.3.0/bin:/Users/Marshall/.rbenv/shims:/Users/Marshall/.rbenv/versions/2.0.0-p247/bin/:/Users/Marshall/.rbenv/shims:/usr/bin:/bin:/usr/sbin:/sbin:/usr/local/bin:/Users/Marshall/.rvm/bin:/Users/Marshall/.rbenv/versions/2.0.0-p247/bin
10 verbose lifecycle weekly@1.0.0~start: CWD: /Applications/XAMPP/xamppfiles/htdocs/learnPHP/public/weekly
11 silly lifecycle weekly@1.0.0~start: Args: [ '-c', 'stylus -w -c --include-css static/css/app.styl' ]
12 info lifecycle weekly@1.0.0~start: Failed to exec start script
13 verbose stack Error: weekly@1.0.0 start: `stylus -w -c --include-css static/css/app.styl`
13 verbose stack spawn ENOENT
13 verbose stack     at ChildProcess.<anonymous> (/Users/Marshall/.nvm/v5.3.0/lib/node_modules/npm/lib/utils/spawn.js:17:16)
13 verbose stack     at emitTwo (events.js:87:13)
13 verbose stack     at ChildProcess.emit (events.js:172:7)
13 verbose stack     at maybeClose (internal/child_process.js:818:16)
13 verbose stack     at Process.ChildProcess._handle.onexit (internal/child_process.js:211:5)
14 verbose pkgid weekly@1.0.0
15 verbose cwd /Applications/XAMPP/xamppfiles/htdocs/learnPHP/public/weekly
16 error Darwin 15.3.0
17 error argv "/Users/Marshall/.nvm/v5.3.0/bin/node" "/Users/Marshall/.nvm/v5.3.0/bin/npm" "start"
18 error node v5.3.0
19 error npm  v3.3.12
20 error file sh
21 error code ELIFECYCLE
22 error errno ENOENT
23 error syscall spawn
24 error weekly@1.0.0 start: `stylus -w -c --include-css static/css/app.styl`
24 error spawn ENOENT
25 error Failed at the weekly@1.0.0 start script 'stylus -w -c --include-css static/css/app.styl'.
25 error Make sure you have the latest version of node.js and npm installed.
25 error If you do, this is most likely a problem with the weekly package,
25 error not with npm itself.
25 error Tell the author that this fails on your system:
25 error     stylus -w -c --include-css static/css/app.styl
25 error You can get their info via:
25 error     npm owner ls weekly
25 error There is likely additional logging output above.
26 verbose exit [ 1, true ]
